timestamp: 2023-05-23T16:58:05.000544
CREATE TABLE "py4web_session"(
    "id" INTEGER PRIMARY KEY AUTOINCREMENT,
    "rkey" CHAR(512),
    "rvalue" TEXT,
    "expiration" INTEGER,
    "created_on" TIMESTAMP,
    "expires_on" TIMESTAMP
);
success!
timestamp: 2023-05-23T16:58:05.005163
CREATE TABLE "auth_user"(
    "id" INTEGER PRIMARY KEY AUTOINCREMENT,
    "email" CHAR(512) UNIQUE,
    "password" CHAR(512),
    "first_name" CHAR(512),
    "last_name" CHAR(512),
    "sso_id" CHAR(512),
    "action_token" CHAR(512),
    "last_password_change" TIMESTAMP,
    "past_passwords_hash" TEXT
);
success!
timestamp: 2023-05-23T16:58:05.007777
CREATE TABLE "auth_user_tag_groups"(
    "id" INTEGER PRIMARY KEY AUTOINCREMENT,
    "tagpath" CHAR(512),
    "record_id" INTEGER REFERENCES "auth_user" ("id") ON DELETE CASCADE ON UPDATE CASCADE  
);
success!
timestamp: 2023-05-23T16:58:05.012622
CREATE TABLE "groups"(
    "id" INTEGER PRIMARY KEY AUTOINCREMENT,
    "group_name" CHAR(512),
    "assoc_user_1" INTEGER UNIQUE,
    "assoc_user_2" INTEGER UNIQUE,
    "assoc_user_3" INTEGER UNIQUE,
    "assoc_user_4" INTEGER UNIQUE
);
success!
timestamp: 2023-05-23T16:58:05.015500
CREATE TABLE "tasks"(
    "id" INTEGER PRIMARY KEY AUTOINCREMENT,
    "created_by" INTEGER,
    "start_time" TIMESTAMP,
    "end_time" TIMESTAMP,
    "label" CHAR(512),
    "description" CHAR(512),
    "categorization" CHAR(512),
    "is_complete" CHAR(1),
    "is_group" CHAR(1),
    "group_id" INTEGER REFERENCES "groups" ("id") ON DELETE CASCADE ON UPDATE CASCADE  
);
success!
timestamp: 2023-05-23T16:58:05.017303
CREATE TABLE "kanban_cards"(
    "id" INTEGER PRIMARY KEY AUTOINCREMENT,
    "task_id" INTEGER,
    "column" CHAR(512)
);
success!
timestamp: 2023-05-23T16:58:05.019087
CREATE TABLE "task_comments"(
    "id" INTEGER PRIMARY KEY AUTOINCREMENT,
    "task_id" INTEGER REFERENCES "tasks" ("id") ON DELETE CASCADE ON UPDATE CASCADE  ,
    "comment" CHAR(512)
);
success!
timestamp: 2023-05-23T16:58:05.020857
CREATE TABLE "subtasks"(
    "id" INTEGER PRIMARY KEY AUTOINCREMENT,
    "task_id" INTEGER REFERENCES "tasks" ("id") ON DELETE CASCADE ON UPDATE CASCADE  ,
    "description" CHAR(512),
    "is_complete" CHAR(1)
);
success!
timestamp: 2023-05-23T16:58:05.022897
CREATE TABLE "task_reflections"(
    "id" INTEGER PRIMARY KEY AUTOINCREMENT,
    "task_id" INTEGER,
    "attentiveness" INTEGER,
    "emotion" INTEGER,
    "efficiency" INTEGER,
    "day" TIMESTAMP
);
success!
timestamp: 2023-05-23T16:58:05.025021
CREATE TABLE "daily_journal"(
    "id" INTEGER PRIMARY KEY AUTOINCREMENT,
    "user" INTEGER,
    "day" TIMESTAMP,
    "entry" CHAR(512)
);
success!
success!
success!
